mktextfm c
mktextfm c
mktextfm c
mktextfm c
mktextfm c/B
mktextfm c
mktextfm c/I
mktextfm c
mktextfm c/BI
mktextfm c
mktextfm SabonNext
mktextfm SabonNext
mktextfm SabonNext
mktextfm SabonNext
mktextfm SabonNext/B
mktextfm SabonNext
mktextfm SabonNext/I
mktextfm SabonNext
mktextfm SabonNext/BI
mktextfm SabonNext
mktextfm SabonNext
mktextfm SabonNext
mktextfm SabonNext
mktextfm SabonNext
mktextfm SabonNext
mktextfm SabonNext
mktextfm SabonNext
mktextfm SabonNext
mktextfm SabonNext
mktextfm SabonNext
mktextfm SabonNext
mktextfm SabonNext
mktextfm SabonNext
mktextfm SabonNext
mktextfm SabonNext
mktextfm SabonNext
mktextfm SabonNext
mktextfm SabonNext
mktextfm SabonNext
mktextfm SabonNext
mktextfm SabonNext
mktextfm SabonNext
mktextfm SabonNext
mktextfm SabonNext
mktextfm SabonNext
mktextfm SabonNext
mktextfm SabonNext
mktextfm SabonNext
