\BOOKMARK [0][-]{chapter*.5}{\376\377\000I\000n\000t\000r\000o\000d\000u\000\347\000\343\000o}{}% 1
\BOOKMARK [1][-]{section*.6}{\376\377\000O\000\040\000q\000u\000e\000\040\000\351\000\040\000T\000e\000X\000?}{chapter*.5}% 2
\BOOKMARK [1][-]{section*.7}{\376\377\000P\000o\000r\000\040\000q\000u\000e\000\040\000u\000s\000a\000r\000\040\000o\000\040\000L\000a\000T\000e\000X\000?}{chapter*.5}% 3
\BOOKMARK [1][-]{section*.8}{\376\377\000C\000o\000m\000o\000\040\000o\000\040\000L\000a\000T\000e\000X\000\040\000f\000u\000n\000c\000i\000o\000n\000a}{chapter*.5}% 4
\BOOKMARK [1][-]{section*.9}{\376\377\000I\000n\000s\000t\000a\000l\000a\000n\000d\000o\000\040\000o\000\040\000p\000r\000o\000g\000r\000a\000m\000a\000\040\000\050\000u\000m\000a\000\040\000`\000`\000d\000i\000s\000t\000r\000i\000b\000u\000i\000\347\000\343\000o\000"\000\051}{chapter*.5}% 5
\BOOKMARK [1][-]{section*.10}{\376\377\000I\000n\000s\000t\000a\000l\000a\000n\000d\000o\000\040\000u\000m\000\040\000e\000d\000i\000t\000o\000r\000\040\000d\000e\000\040\000t\000e\000x\000t\000o\000s}{chapter*.5}% 6
\BOOKMARK [0][-]{chapter*.11}{\376\377\000C\000r\000i\000a\000n\000d\000o\000\040\000u\000m\000\040\000t\000e\000x\000t\000o\000\040\000b\000\341\000s\000i\000c\000o}{}% 7
\BOOKMARK [1][-]{section*.12}{\376\377\000C\000o\000m\000a\000n\000d\000o\000s}{chapter*.11}% 8
\BOOKMARK [1][-]{section*.13}{\376\377\000A\000m\000b\000i\000e\000n\000t\000e\000s\000\040\000L\000a\000T\000e\000X}{chapter*.11}% 9
\BOOKMARK [1][-]{section*.14}{\376\377\000C\000a\000r\000a\000c\000t\000e\000r\000e\000s\000\040\000e\000s\000p\000e\000c\000i\000a\000i\000s}{chapter*.11}% 10
\BOOKMARK [1][-]{section*.15}{\376\377\000C\000o\000m\000e\000n\000t\000\341\000r\000i\000o\000s}{chapter*.11}% 11
\BOOKMARK [1][-]{section*.16}{\376\377\000E\000s\000p\000a\000\347\000o\000s\000,\000\040\000a\000c\000e\000n\000t\000o\000s\000\040\000e\000\040\000p\000o\000n\000t\000u\000a\000\347\000\343\000o}{chapter*.11}% 12
\BOOKMARK [1][-]{section*.17}{\376\377\000C\000l\000a\000s\000s\000e\000s\000\040\000d\000e\000\040\000d\000o\000c\000u\000m\000e\000n\000t\000o\000s}{chapter*.11}% 13
\BOOKMARK [1][-]{section*.18}{\376\377\000P\000a\000c\000o\000t\000e\000s}{chapter*.11}% 14
\BOOKMARK [0][-]{chapter*.19}{\376\377\000A\000\040\000e\000s\000t\000r\000u\000t\000u\000r\000a\000\040\000d\000o\000\040\000d\000o\000c\000u\000m\000e\000n\000t\000o}{}% 15
\BOOKMARK [1][-]{section*.20}{\376\377\000O\000\040\000a\000m\000b\000i\000e\000n\000t\000e\000\040\000d\000o\000c\000u\000m\000e\000n\000t}{chapter*.19}% 16
\BOOKMARK [1][-]{section*.21}{\376\377\000P\000r\000e\000\342\000m\000b\000u\000l\000o}{chapter*.19}% 17
\BOOKMARK [1][-]{section*.22}{\376\377\000O\000\040\000c\000a\000b\000e\000\347\000a\000l\000h\000o}{chapter*.19}% 18
\BOOKMARK [1][-]{section*.23}{\376\377\000A\000b\000s\000t\000r\000a\000c\000t\000/\000R\000e\000s\000u\000m\000o}{chapter*.19}% 19
\BOOKMARK [1][-]{section*.24}{\376\377\000C\000o\000m\000a\000n\000d\000o\000s\000\040\000d\000e\000\040\000s\000e\000\347\000\343\000o}{chapter*.19}% 20
\BOOKMARK [1][-]{section*.26}{\376\377\000A\000p\000\352\000n\000d\000i\000c\000e\000s}{chapter*.19}% 21
\BOOKMARK [1][-]{section*.27}{\376\377\000S\000u\000m\000\341\000r\000i\000o}{chapter*.19}% 22
\BOOKMARK [1][-]{section*.28}{\376\377\000B\000i\000b\000l\000i\000o\000g\000r\000a\000f\000i\000a}{chapter*.19}% 23
\BOOKMARK [0][-]{chapter*.29}{\376\377\000T\000a\000b\000e\000l\000a\000s}{}% 24
\BOOKMARK [1][-]{section*.30}{\376\377\000T\000a\000b\000e\000l\000a\000s\000\040\000l\000o\000n\000g\000a\000s}{chapter*.29}% 25
\BOOKMARK [0][-]{chapter*.31}{\376\377\000F\000o\000r\000m\000a\000t\000a\000\347\000\343\000o}{}% 26
\BOOKMARK [1][-]{section*.32}{\376\377\000L\000i\000s\000t\000a\000s}{chapter*.31}% 27
\BOOKMARK [1][-]{section*.38}{\376\377\000H\000i\000f\000e\000n\000i\000z\000a\000\347\000\343\000o}{chapter*.31}% 28
\BOOKMARK [1][-]{section*.39}{\376\377\000A\000s\000p\000a\000s}{chapter*.31}% 29
\BOOKMARK [1][-]{section*.40}{\376\377\000T\000r\000a\000v\000e\000s\000s\000\343\000o\000,\000\040\000h\000\355\000f\000e\000n\000,\000\040\000m\000e\000i\000a\000-\000r\000i\000s\000c\000a}{chapter*.31}% 30
\BOOKMARK [1][-]{section*.41}{\376\377\000E\000s\000p\000a\000\347\000o\000\040\000e\000n\000t\000r\000e\000\040\000p\000a\000l\000a\000v\000r\000a\000s\000\040\000e\000\040\000f\000r\000a\000s\000e\000s}{chapter*.31}% 31
\BOOKMARK [1][-]{section*.42}{\376\377\000E\000n\000f\000a\000t\000i\000z\000a\000n\000d\000o\000\040\000t\000e\000x\000t\000o}{chapter*.31}% 32
\BOOKMARK [1][-]{section*.43}{\376\377\000E\000s\000t\000i\000l\000o\000s\000\040\000d\000e\000\040\000f\000o\000n\000t\000e}{chapter*.31}% 33
\BOOKMARK [1][-]{section*.44}{\376\377\000T\000a\000m\000a\000n\000h\000o\000\040\000d\000e\000\040\000f\000o\000n\000t\000e}{chapter*.31}% 34
\BOOKMARK [1][-]{section*.45}{\376\377\000S\000o\000b\000r\000e\000s\000c\000r\000i\000t\000o\000\040\000e\000\040\000s\000u\000b\000s\000c\000r\000i\000t\000o}{chapter*.31}% 35
\BOOKMARK [1][-]{section*.46}{\376\377\000S\000\355\000m\000b\000o\000l\000o\000s}{chapter*.31}% 36
\BOOKMARK [1][-]{section*.47}{\376\377\000F\000o\000r\000m\000a\000t\000a\000\347\000\343\000o\000\040\000d\000e\000\040\000p\000a\000r\000\341\000g\000r\000a\000f\000o\000s}{chapter*.31}% 37
\BOOKMARK [1][-]{section*.48}{\376\377\000I\000n\000s\000e\000r\000\347\000\343\000o\000\040\000d\000e\000\040\000h\000i\000p\000e\000r\000l\000i\000n\000k\000s}{chapter*.31}% 38
\BOOKMARK [1][-]{section*.49}{\376\377\000C\000i\000t\000a\000n\000d\000o\000\040\000t\000e\000x\000t\000o\000s}{chapter*.31}% 39
\BOOKMARK [1][-]{section*.50}{\376\377\000N\000o\000t\000a\000s\000\040\000d\000e\000\040\000r\000o\000d\000a\000p\000\351}{chapter*.31}% 40
\BOOKMARK [1][-]{section*.51}{\376\377\000C\000a\000b\000e\000\347\000a\000l\000h\000o\000s}{chapter*.31}% 41
\BOOKMARK [1][-]{section*.52}{\376\377\000M\000o\000d\000o\000\040\000m\000a\000t\000e\000m\000\341\000t\000i\000c\000o}{chapter*.31}% 42
\BOOKMARK [0][-]{chapter*.53}{\376\377\000F\000i\000g\000u\000r\000a\000s}{}% 43
\BOOKMARK [1][-]{section*.54}{\376\377\000I\000n\000c\000l\000u\000i\000n\000d\000o\000\040\000i\000m\000a\000g\000e\000n\000s}{chapter*.53}% 44
\BOOKMARK [1][-]{section*.55}{\376\377\000O\000n\000d\000e\000\040\000g\000u\000a\000r\000d\000a\000r\000\040\000a\000s\000\040\000i\000m\000a\000g\000e\000n\000s\000\040\000d\000o\000\040\000s\000e\000u\000\040\000t\000e\000x\000t\000o}{chapter*.53}% 45
\BOOKMARK [1][-]{section*.56}{\376\377\000E\000x\000e\000m\000p\000l\000o\000s}{chapter*.53}% 46
\BOOKMARK [1][-]{section*.57}{\376\377\000I\000m\000a\000g\000e\000n\000s\000\040\000c\000o\000m\000o\000\040\000f\000i\000g\000u\000r\000a\000s}{chapter*.53}% 47
\BOOKMARK [1][-]{section*.58}{\376\377\000R\000\363\000t\000u\000l\000o\000s\000\040\000a\000o\000\040\000l\000a\000d\000o\000\040\000d\000a\000\040\000f\000i\000g\000u\000r\000a\000\040\000\050\000s\000i\000d\000e\000\040\000c\000a\000p\000t\000i\000o\000n\000s\000\051}{chapter*.53}% 48
\BOOKMARK [1][-]{section*.59}{\376\377\000F\000i\000g\000u\000r\000a\000s\000\040\000d\000e\000n\000t\000r\000o\000\040\000d\000e\000\040\000f\000i\000g\000u\000r\000a\000s\000\040\000\050\000s\000u\000b\000f\000l\000o\000a\000t\000s\000\051}{chapter*.53}% 49
\BOOKMARK [1][-]{section*.60}{\376\377\000F\000i\000g\000u\000r\000a\000s\000\040\000l\000a\000d\000o\000-\000a\000-\000l\000a\000d\000o}{chapter*.53}% 50
\BOOKMARK [1][-]{section*.61}{\376\377\000F\000i\000g\000u\000r\000a\000s\000\040\000c\000o\000m\000\040\000o\000\040\000t\000a\000m\000a\000n\000h\000o\000\040\000d\000a\000\040\000p\000\341\000g\000i\000n\000a\000\040\000e\000m\000\040\000t\000e\000x\000t\000o\000s\000\040\000d\000e\000\040\000d\000u\000a\000s\000\040\000c\000o\000l\000u\000n\000a\000s}{chapter*.53}% 51
\BOOKMARK [0][-]{chapter*.62}{\376\377\000R\000e\000f\000e\000r\000\352\000n\000c\000i\000a\000s}{}% 52
\BOOKMARK [1][-]{section*.63}{\376\377\000R\000e\000f\000e\000r\000\352\000n\000c\000i\000a\000s\000\040\000c\000r\000u\000z\000a\000d\000a\000s}{chapter*.62}% 53
\BOOKMARK [1][-]{section*.64}{\376\377\000H\000y\000p\000e\000r\000l\000i\000n\000k\000s}{chapter*.62}% 54
\BOOKMARK [0][-]{chapter*.65}{\376\377\000C\000o\000r\000e\000s}{}% 55
\BOOKMARK [0][-]{chapter*.66}{\376\377\000F\000o\000n\000t\000e\000s}{}% 56
\BOOKMARK [1][-]{section*.67}{\376\377\000O\000\040\000p\000a\000c\000o\000t\000e\000\040\000f\000o\000n\000t\000s\000p\000e\000c}{chapter*.66}% 57
\BOOKMARK [0][-]{chapter*.68}{\376\377\000I\000d\000i\000o\000m\000a\000s}{}% 58
\BOOKMARK [1][-]{section*.69}{\376\377\000A\000l\000f\000a\000b\000e\000t\000o\000s\000\040\000n\000\343\000o\000\040\000l\000a\000t\000i\000n\000o\000s\000\040\000e\000\040\000e\000s\000c\000r\000i\000t\000a\000s\000\040\000n\000\343\000o\000\040\000o\000c\000i\000d\000e\000n\000t\000a\000i\000s}{chapter*.68}% 59
\BOOKMARK [0][-]{chapter*.70}{\376\377\000D\000o\000c\000u\000m\000e\000n\000t\000o\000s\000\040\000t\000\351\000c\000n\000i\000c\000o\000s\000\040\000e\000\040\000c\000i\000e\000n\000t\000\355\000f\000i\000c\000o\000s\000\040\000b\000r\000a\000s\000i\000l\000e\000i\000r\000o\000s\000\040\000c\000o\000m\000\040\000a\000b\000n\000T\000e\000X\0002}{}% 60
\BOOKMARK [1][-]{section*.71}{\376\377\000M\000a\000c\000r\000o\000s\000\040\000d\000e\000\040\000d\000a\000d\000o\000s\000\040\000d\000o\000\040\000t\000r\000a\000b\000a\000l\000h\000o}{chapter*.70}% 61
\BOOKMARK [0][-]{chapter*.72}{\376\377\000O\000u\000t\000r\000o\000s\000\040\000r\000e\000c\000u\000r\000s\000o\000s}{}% 62
